<?xml version="1.0" encoding="UTF-8"?>
<!-- Generated by org.testng.reporters.JUnitReportReporter -->
<testsuite skipped="0" hostname="newusers-MacBook-Pro.local" name="com.qa.darksky.test.MainPageTest" tests="1" failures="0" timestamp="2020-08-14T03:20:38 EDT" time="3.273" errors="0">
  <testcase name="verifyMinAndMaxTemp" time="3.273" classname="com.qa.darksky.test.MainPageTest"/>
  <system-out/>
</testsuite> <!-- com.qa.darksky.test.MainPageTest -->
