<?xml version="1.0" encoding="UTF-8"?>
<!-- Generated by org.testng.reporters.JUnitReportReporter -->
<testsuite skipped="2" hostname="newusers-MacBook-Pro.local" name="com.qa.darksky.test.HomePageTest" tests="7" failures="0" timestamp="2020-08-14T05:11:27 EDT" time="0.938" errors="0">
  <testcase name="clickToday" time="0.599" classname="com.qa.darksky.test.HomePageTest"/>
  <system-out/>
  <testcase name="verifyHomeaPageTitle" time="0.093" classname="com.qa.darksky.test.HomePageTest"/>
  <system-out/>
  <testcase name="getTempeList" time="0.242" classname="com.qa.darksky.test.HomePageTest"/>
  <system-out/>
  <testcase name="minTempe" time="0.002" classname="com.qa.darksky.test.HomePageTest"/>
  <system-out/>
  <testcase name="maxTempe" time="0.002" classname="com.qa.darksky.test.HomePageTest"/>
  <system-out/>
  <testcase name="verifyMax" classname="com.qa.darksky.test.HomePageTest">
    <skipped/>
  </testcase> <!-- verifyMax -->
  <system-out/>
  <testcase name="verifyMinTempe" classname="com.qa.darksky.test.HomePageTest">
    <skipped/>
  </testcase> <!-- verifyMinTempe -->
  <system-out/>
</testsuite> <!-- com.qa.darksky.test.HomePageTest -->
